<?xml version="1.0" encoding="UTF-8"?>
<!-- Generated by org.testng.reporters.JUnitReportReporter -->
<testsuite hostname="LAPTOP-IDAN568C" failures="0" tests="3" name="testCases.LoginPageTest" time="16.738" errors="0" timestamp="2024-03-14T23:24:04 IST" skipped="0">
  <testcase classname="testCases.LoginPageTest" name="VerifyTitleOfApplicationTest" time="3.907"/>
  <testcase classname="testCases.LoginPageTest" name="LoginIntoApplicationTest" time="8.864"/>
  <testcase classname="testCases.LoginPageTest" name="VerifyURLOfApplicationTest" time="3.967"/>
</testsuite> <!-- testCases.LoginPageTest -->
