<?xml version="1.0" encoding="UTF-8"?>
<!-- Generated by org.testng.reporters.JUnitReportReporter -->
<testsuite hostname="LAPTOP-IDAN568C" failures="0" tests="4" name="testCases.InventoryPageTest" time="21.947" errors="0" timestamp="2024-03-15T00:59:13 IST" skipped="0">
  <testcase classname="testCases.InventoryPageTest" name="VerifyApplicationLogoTest" time="4.651">
    <system-out>
      <![CDATA[Visibility of Application Logo = true]]>
    </system-out>
  </testcase> <!-- VerifyApplicationLogoTest -->
  <testcase classname="testCases.InventoryPageTest" name="VerifyRedRoboImageTest" time="4.580">
    <system-out>
      <![CDATA[Visibility of Red Robo Image = true]]>
    </system-out>
  </testcase> <!-- VerifyRedRoboImageTest -->
  <testcase classname="testCases.InventoryPageTest" name="VerifyProductLabelTest" time="8.088">
    <system-out>
      <![CDATA[Application Label = Products]]>
    </system-out>
  </testcase> <!-- VerifyProductLabelTest -->
  <testcase classname="testCases.InventoryPageTest" name="VerifyShoppingCartIconTest" time="4.628"/>
  <system-out>
    <![CDATA[Visibility of Application Logo = true
Application Label = Products
Visibility of Red Robo Image = true]]>
  </system-out>
</testsuite> <!-- testCases.InventoryPageTest -->
